<?xml version="1.0" encoding="UTF-8"?>
<!-- Generated by org.testng.reporters.JUnitReportReporter -->
<testsuite skipped="0" hostname="DESKTOP-SLARR4I" name="MagentoAppTest" tests="1" failures="0" timestamp="22 Jan 2019 08:20:41 GMT" time="47.110" errors="0">
  <testcase name="magento" time="47.110" classname="MagentoAppTest"/>
</testsuite> <!-- MagentoAppTest -->
